[0.009s] Invoking command in '/home/renato/ws_sensor_combined/build/gazebo_cable': CMAKE_PREFIX_PATH=${CMAKE_PREFIX_PATH}:/opt/ros/humble /usr/bin/cmake --build /home/renato/ws_sensor_combined/build/gazebo_cable -- -j20 -l20
[0.041s] [35m[1mConsolidate compiler generated dependencies of target cable_vel_control_plugin[0m
[0.053s] [ 50%] [32mBuilding CXX object CMakeFiles/cable_vel_control_plugin.dir/src/cable_vel_control_plugin.cpp.o[0m
[0.996s] [01m[K/home/renato/ws_sensor_combined/src/gazebo_cable/src/cable_vel_control_plugin.cpp:79:54:[m[K [01;31m[Kerror: [m[Kexpected constructor, destructor, or type conversion at end of input
[0.996s]    79 | GZ_ADD_PLUGIN(CableVelControlPlugin, gz::sim::System)
[0.996s]       |                                                      [01;31m[K^[m[K
[1.382s] gmake[2]: *** [CMakeFiles/cable_vel_control_plugin.dir/build.make:76: CMakeFiles/cable_vel_control_plugin.dir/src/cable_vel_control_plugin.cpp.o] Errore 1
[1.382s] gmake[1]: *** [CMakeFiles/Makefile2:137: CMakeFiles/cable_vel_control_plugin.dir/all] Errore 2
[1.383s] gmake: *** [Makefile:146: all] Errore 2
[1.385s] Invoked command in '/home/renato/ws_sensor_combined/build/gazebo_cable' returned '2': CMAKE_PREFIX_PATH=${CMAKE_PREFIX_PATH}:/opt/ros/humble /usr/bin/cmake --build /home/renato/ws_sensor_combined/build/gazebo_cable -- -j20 -l20
