-- Found ament_cmake: 1.3.11 (/opt/ros/humble/share/ament_cmake/cmake)
-- Found builtin_interfaces: 1.2.1 (/opt/ros/humble/share/builtin_interfaces/cmake)
-- Found rosidl_generator_c: 3.1.6 (/opt/ros/humble/share/rosidl_generator_c/cmake)
-- Found rosidl_adapter: 3.1.6 (/opt/ros/humble/share/rosidl_adapter/cmake)
-- Found rosidl_generator_cpp: 3.1.6 (/opt/ros/humble/share/rosidl_generator_cpp/cmake)
-- Using all available rosidl_typesupport_c: rosidl_typesupport_fastrtps_c;rosidl_typesupport_introspection_c
-- Using all available rosidl_typesupport_cpp: rosidl_typesupport_fastrtps_cpp;rosidl_typesupport_introspection_cpp
-- Found eigen3_cmake_module: 0.1.1 (/opt/ros/humble/share/eigen3_cmake_module/cmake)
-- Found geometry_msgs: 4.2.4 (/opt/ros/humble/share/geometry_msgs/cmake)
-- Found px4_msgs: 2.0.1 (/home/renato/ws_sensor_combined/install/px4_msgs/share/px4_msgs/cmake)
-- Found rclcpp: 16.0.11 (/opt/ros/humble/share/rclcpp/cmake)
-- Found rmw_implementation_cmake: 6.1.2 (/opt/ros/humble/share/rmw_implementation_cmake/cmake)
-- Found rmw_fastrtps_cpp: 6.2.7 (/opt/ros/humble/share/rmw_fastrtps_cpp/cmake)
-- Using RMW implementation 'rmw_fastrtps_cpp' as default
-- Found sensor_msgs: 4.2.4 (/opt/ros/humble/share/sensor_msgs/cmake)
-- Found rclpy: 3.3.15 (/opt/ros/humble/share/rclpy/cmake)
-- Found ament_lint_auto: 0.12.11 (/opt/ros/humble/share/ament_lint_auto/cmake)
-- Added test 'copyright' to check source files copyright and LICENSE
-- Added test 'cppcheck' to perform static code analysis on C / C++ code
-- Configured cppcheck include dirs: /home/renato/ws_sensor_combined/src/px4_ros_com/include;$<BUILD_INTERFACE:/home/renato/ws_sensor_combined/src/px4_ros_com/include/px4_ros_com>
-- Configured cppcheck exclude dirs and/or files: 
-- Added test 'cpplint' to check C / C++ code against the Google style
-- Configured cpplint exclude dirs and/or files: 
-- Added test 'flake8' to check Python code syntax and style conventions
-- Added test 'lint_cmake' to check CMake code style
-- Added test 'pep257' to check Python code against some of the docstring style conventions in PEP 257
-- Added test 'uncrustify' to check C / C++ code style
-- Configured uncrustify additional arguments: 
-- Added test 'xmllint' to check XML markup files
-- Configuring done
-- Generating done
-- Build files have been written to: /home/renato/ws_sensor_combined/build/px4_ros_com
[35m[1mConsolidate compiler generated dependencies of target frame_transforms[0m
[35m[1mConsolidate compiler generated dependencies of target offboard_control[0m
[35m[1mConsolidate compiler generated dependencies of target debug_vect_advertiser[0m
[35m[1mConsolidate compiler generated dependencies of target sensor_combined_listener[0m
[35m[1mConsolidate compiler generated dependencies of target vehicle_gps_position_listener[0m
[35m[1mConsolidate compiler generated dependencies of target offboard_control_srv[0m
[  8%] [32mBuilding CXX object CMakeFiles/offboard_control.dir/src/examples/offboard/offboard_control.cpp.o[0m
[ 25%] Built target frame_transforms
[ 33%] [32mBuilding CXX object CMakeFiles/sensor_combined_listener.dir/src/examples/listeners/sensor_combined_listener.cpp.o[0m
[ 41%] [32mBuilding CXX object CMakeFiles/debug_vect_advertiser.dir/src/examples/advertisers/debug_vect_advertiser.cpp.o[0m
[ 50%] [32mBuilding CXX object CMakeFiles/vehicle_gps_position_listener.dir/src/examples/listeners/vehicle_gps_position_listener.cpp.o[0m
[ 58%] [32mBuilding CXX object CMakeFiles/offboard_control_srv.dir/src/examples/offboard/offboard_control_srv.cpp.o[0m
[ 58%] Built target ament_cmake_python_copy_px4_ros_com
running egg_info
writing px4_ros_com.egg-info/PKG-INFO
writing dependency_links to px4_ros_com.egg-info/dependency_links.txt
writing top-level names to px4_ros_com.egg-info/top_level.txt
reading manifest file 'px4_ros_com.egg-info/SOURCES.txt'
writing manifest file 'px4_ros_com.egg-info/SOURCES.txt'
[ 58%] Built target ament_cmake_python_build_px4_ros_com_egg
[01m[K/home/renato/ws_sensor_combined/src/px4_ros_com/src/examples/listeners/vehicle_gps_position_listener.cpp:[m[K In lambda function:
[01m[K/home/renato/ws_sensor_combined/src/px4_ros_com/src/examples/listeners/vehicle_gps_position_listener.cpp:60:54:[m[K [01;31m[Kerror: [m[Kâ€˜[01m[Kstruct px4_msgs::msg::SensorGps_<std::allocator<void> >[m[Kâ€™ has no member named â€˜[01m[Klatitude_deg[m[Kâ€™
   60 |                         std::cout << "lat: " << msg->[01;31m[Klatitude_deg[m[K  << std::endl;
      |                                                      [01;31m[K^~~~~~~~~~~~[m[K
[01m[K/home/renato/ws_sensor_combined/src/px4_ros_com/src/examples/listeners/vehicle_gps_position_listener.cpp:61:54:[m[K [01;31m[Kerror: [m[Kâ€˜[01m[Kstruct px4_msgs::msg::SensorGps_<std::allocator<void> >[m[Kâ€™ has no member named â€˜[01m[Klongitude_deg[m[Kâ€™
   61 |                         std::cout << "lon: " << msg->[01;31m[Klongitude_deg[m[K << std::endl;
      |                                                      [01;31m[K^~~~~~~~~~~~~[m[K
[01m[K/home/renato/ws_sensor_combined/src/px4_ros_com/src/examples/listeners/vehicle_gps_position_listener.cpp:62:54:[m[K [01;31m[Kerror: [m[Kâ€˜[01m[Kstruct px4_msgs::msg::SensorGps_<std::allocator<void> >[m[Kâ€™ has no member named â€˜[01m[Kaltitude_msl_m[m[Kâ€™
   62 |                         std::cout << "alt: " << msg->[01;31m[Kaltitude_msl_m[m[K  << std::endl;
      |                                                      [01;31m[K^~~~~~~~~~~~~~[m[K
[01m[K/home/renato/ws_sensor_combined/src/px4_ros_com/src/examples/listeners/vehicle_gps_position_listener.cpp:63:64:[m[K [01;31m[Kerror: [m[Kâ€˜[01m[Kstruct px4_msgs::msg::SensorGps_<std::allocator<void> >[m[Kâ€™ has no member named â€˜[01m[Kaltitude_ellipsoid_m[m[Kâ€™; did you mean â€˜[01m[Kalt_ellipsoid[m[Kâ€™?
   63 |                         std::cout << "alt_ellipsoid: " << msg->[01;31m[Kaltitude_ellipsoid_m[m[K << std::endl;
      |                                                                [01;31m[K^~~~~~~~~~~~~~~~~~~~[m[K
      |                                                                [32m[Kalt_ellipsoid[m[K
[ 66%] [32m[1mLinking CXX executable debug_vect_advertiser[0m
[ 66%] Built target debug_vect_advertiser
gmake[2]: *** [CMakeFiles/vehicle_gps_position_listener.dir/build.make:76: CMakeFiles/vehicle_gps_position_listener.dir/src/examples/listeners/vehicle_gps_position_listener.cpp.o] Errore 1
gmake[1]: *** [CMakeFiles/Makefile2:202: CMakeFiles/vehicle_gps_position_listener.dir/all] Errore 2
gmake[1]: *** Attesa per i processi non terminati....
[ 75%] [32m[1mLinking CXX executable offboard_control[0m
[ 75%] Built target offboard_control
[ 83%] [32m[1mLinking CXX executable offboard_control_srv[0m
/usr/bin/ld: CMakeFiles/offboard_control_srv.dir/src/examples/offboard/offboard_control_srv.cpp.o: in function `rclcpp::Client<px4_msgs::srv::VehicleCommand>::Client(rclcpp::node_interfaces::NodeBaseInterface*, std::shared_ptr<rclcpp::node_interfaces::NodeGraphInterface>, std::__cxx11::basic_string<char, std::char_traits<char>, std::allocator<char> > const&, rcl_client_options_s&)':
offboard_control_srv.cpp:(.text._ZN6rclcpp6ClientIN8px4_msgs3srv14VehicleCommandEEC2EPNS_15node_interfaces17NodeBaseInterfaceESt10shared_ptrINS5_18NodeGraphInterfaceEERKNSt7__cxx1112basic_stringIcSt11char_traitsIcESaIcEEER20rcl_client_options_s[_ZN6rclcpp6ClientIN8px4_msgs3srv14VehicleCommandEEC5EPNS_15node_interfaces17NodeBaseInterfaceESt10shared_ptrINS5_18NodeGraphInterfaceEERKNSt7__cxx1112basic_stringIcSt11char_traitsIcESaIcEEER20rcl_client_options_s]+0xc8): undefined reference to `rosidl_service_type_support_t const* rosidl_typesupport_cpp::get_service_type_support_handle<px4_msgs::srv::VehicleCommand>()'
collect2: error: ld returned 1 exit status
gmake[2]: *** [CMakeFiles/offboard_control_srv.dir/build.make:159: offboard_control_srv] Errore 1
gmake[1]: *** [CMakeFiles/Makefile2:280: CMakeFiles/offboard_control_srv.dir/all] Errore 2
[ 91%] [32m[1mLinking CXX executable sensor_combined_listener[0m
[ 91%] Built target sensor_combined_listener
gmake: *** [Makefile:146: all] Errore 2
